C:\Users\CCL\Desktop\GOUZEPE_APP\api\server.js:13
const cors = require('cors');
      ^

SyntaxError: Identifier 'cors' has already been declared
    at wrapSafe (node:internal/modules/cjs/loader:1669:18)
    at Module._compile (node:internal/modules/cjs/loader:1712:20)
    at Object..js (node:internal/modules/cjs/loader:1871:10)
    at Module.load (node:internal/modules/cjs/loader:1470:32)
    at Module._load (node:internal/modules/cjs/loader:1290:12)
    at TracingChannel.traceSync (node:diagnostics_channel:322:14)
    at wrapModuleLoad (node:internal/modules/cjs/loader:238:24)
    at Module.executeUserEntryPoint [as runMain] (node:internal/modules/run_main:154:5)
    at node:internal/main/run_main_module:33:47

Node.js v24.6.0
C:\Users\CCL\Desktop\GOUZEPE_APP\api\server.js:13
const cors = require('cors');
      ^

SyntaxError: Identifier 'cors' has already been declared
    at wrapSafe (node:internal/modules/cjs/loader:1669:18)
    at Module._compile (node:internal/modules/cjs/loader:1712:20)
    at Object..js (node:internal/modules/cjs/loader:1871:10)
    at Module.load (node:internal/modules/cjs/loader:1470:32)
    at Module._load (node:internal/modules/cjs/loader:1290:12)
    at TracingChannel.traceSync (node:diagnostics_channel:322:14)
    at wrapModuleLoad (node:internal/modules/cjs/loader:238:24)
    at Module.executeUserEntryPoint [as runMain] (node:internal/modules/run_main:154:5)
    at node:internal/main/run_main_module:33:47

Node.js v24.6.0
C:\Users\CCL\Desktop\GOUZEPE_APP\api\server.js:13
const cors = require('cors');
      ^

SyntaxError: Identifier 'cors' has already been declared
    at wrapSafe (node:internal/modules/cjs/loader:1669:18)
    at Module._compile (node:internal/modules/cjs/loader:1712:20)
    at Object..js (node:internal/modules/cjs/loader:1871:10)
    at Module.load (node:internal/modules/cjs/loader:1470:32)
    at Module._load (node:internal/modules/cjs/loader:1290:12)
    at TracingChannel.traceSync (node:diagnostics_channel:322:14)
    at wrapModuleLoad (node:internal/modules/cjs/loader:238:24)
    at Module.executeUserEntryPoint [as runMain] (node:internal/modules/run_main:154:5)
    at node:internal/main/run_main_module:33:47

Node.js v24.6.0
C:\Users\CCL\Desktop\GOUZEPE_APP\api\server.js:13
const cors = require('cors');
      ^

SyntaxError: Identifier 'cors' has already been declared
    at wrapSafe (node:internal/modules/cjs/loader:1669:18)
    at Module._compile (node:internal/modules/cjs/loader:1712:20)
    at Object..js (node:internal/modules/cjs/loader:1871:10)
    at Module.load (node:internal/modules/cjs/loader:1470:32)
    at Module._load (node:internal/modules/cjs/loader:1290:12)
    at TracingChannel.traceSync (node:diagnostics_channel:322:14)
    at wrapModuleLoad (node:internal/modules/cjs/loader:238:24)
    at Module.executeUserEntryPoint [as runMain] (node:internal/modules/run_main:154:5)
    at node:internal/main/run_main_module:33:47

Node.js v24.6.0
C:\Users\CCL\Desktop\GOUZEPE_APP\api\server.js:13
const cors = require('cors');
      ^

SyntaxError: Identifier 'cors' has already been declared
    at wrapSafe (node:internal/modules/cjs/loader:1669:18)
    at Module._compile (node:internal/modules/cjs/loader:1712:20)
    at Object..js (node:internal/modules/cjs/loader:1871:10)
    at Module.load (node:internal/modules/cjs/loader:1470:32)
    at Module._load (node:internal/modules/cjs/loader:1290:12)
    at TracingChannel.traceSync (node:diagnostics_channel:322:14)
    at wrapModuleLoad (node:internal/modules/cjs/loader:238:24)
    at Module.executeUserEntryPoint [as runMain] (node:internal/modules/run_main:154:5)
    at node:internal/main/run_main_module:33:47

Node.js v24.6.0
C:\Users\CCL\Desktop\GOUZEPE_APP\api\server.js:13
const cors = require('cors');
      ^

SyntaxError: Identifier 'cors' has already been declared
    at wrapSafe (node:internal/modules/cjs/loader:1669:18)
    at Module._compile (node:internal/modules/cjs/loader:1712:20)
    at Object..js (node:internal/modules/cjs/loader:1871:10)
    at Module.load (node:internal/modules/cjs/loader:1470:32)
    at Module._load (node:internal/modules/cjs/loader:1290:12)
    at TracingChannel.traceSync (node:diagnostics_channel:322:14)
    at wrapModuleLoad (node:internal/modules/cjs/loader:238:24)
    at Module.executeUserEntryPoint [as runMain] (node:internal/modules/run_main:154:5)
    at node:internal/main/run_main_module:33:47

Node.js v24.6.0
C:\Users\CCL\Desktop\GOUZEPE_APP\api\server.js:13
const cors = require('cors');
      ^

SyntaxError: Identifier 'cors' has already been declared
    at wrapSafe (node:internal/modules/cjs/loader:1669:18)
    at Module._compile (node:internal/modules/cjs/loader:1712:20)
    at Object..js (node:internal/modules/cjs/loader:1871:10)
    at Module.load (node:internal/modules/cjs/loader:1470:32)
    at Module._load (node:internal/modules/cjs/loader:1290:12)
    at TracingChannel.traceSync (node:diagnostics_channel:322:14)
    at wrapModuleLoad (node:internal/modules/cjs/loader:238:24)
    at Module.executeUserEntryPoint [as runMain] (node:internal/modules/run_main:154:5)
    at node:internal/main/run_main_module:33:47

Node.js v24.6.0
C:\Users\CCL\Desktop\GOUZEPE_APP\api\server.js:13
const cors = require('cors');
      ^

SyntaxError: Identifier 'cors' has already been declared
    at wrapSafe (node:internal/modules/cjs/loader:1669:18)
    at Module._compile (node:internal/modules/cjs/loader:1712:20)
    at Object..js (node:internal/modules/cjs/loader:1871:10)
    at Module.load (node:internal/modules/cjs/loader:1470:32)
    at Module._load (node:internal/modules/cjs/loader:1290:12)
    at TracingChannel.traceSync (node:diagnostics_channel:322:14)
    at wrapModuleLoad (node:internal/modules/cjs/loader:238:24)
    at Module.executeUserEntryPoint [as runMain] (node:internal/modules/run_main:154:5)
    at node:internal/main/run_main_module:33:47

Node.js v24.6.0
C:\Users\CCL\Desktop\GOUZEPE_APP\api\server.js:13
const cors = require('cors');
      ^

SyntaxError: Identifier 'cors' has already been declared
    at wrapSafe (node:internal/modules/cjs/loader:1669:18)
    at Module._compile (node:internal/modules/cjs/loader:1712:20)
    at Object..js (node:internal/modules/cjs/loader:1871:10)
    at Module.load (node:internal/modules/cjs/loader:1470:32)
    at Module._load (node:internal/modules/cjs/loader:1290:12)
    at TracingChannel.traceSync (node:diagnostics_channel:322:14)
    at wrapModuleLoad (node:internal/modules/cjs/loader:238:24)
    at Module.executeUserEntryPoint [as runMain] (node:internal/modules/run_main:154:5)
    at node:internal/main/run_main_module:33:47

Node.js v24.6.0
C:\Users\CCL\Desktop\GOUZEPE_APP\api\server.js:13
const cors = require('cors');
      ^

SyntaxError: Identifier 'cors' has already been declared
    at wrapSafe (node:internal/modules/cjs/loader:1669:18)
    at Module._compile (node:internal/modules/cjs/loader:1712:20)
    at Object..js (node:internal/modules/cjs/loader:1871:10)
    at Module.load (node:internal/modules/cjs/loader:1470:32)
    at Module._load (node:internal/modules/cjs/loader:1290:12)
    at TracingChannel.traceSync (node:diagnostics_channel:322:14)
    at wrapModuleLoad (node:internal/modules/cjs/loader:238:24)
    at Module.executeUserEntryPoint [as runMain] (node:internal/modules/run_main:154:5)
    at node:internal/main/run_main_module:33:47

Node.js v24.6.0
C:\Users\CCL\Desktop\GOUZEPE_APP\api\server.js:13
const cors = require('cors');
      ^

SyntaxError: Identifier 'cors' has already been declared
    at wrapSafe (node:internal/modules/cjs/loader:1669:18)
    at Module._compile (node:internal/modules/cjs/loader:1712:20)
    at Object..js (node:internal/modules/cjs/loader:1871:10)
    at Module.load (node:internal/modules/cjs/loader:1470:32)
    at Module._load (node:internal/modules/cjs/loader:1290:12)
    at TracingChannel.traceSync (node:diagnostics_channel:322:14)
    at wrapModuleLoad (node:internal/modules/cjs/loader:238:24)
    at Module.executeUserEntryPoint [as runMain] (node:internal/modules/run_main:154:5)
    at node:internal/main/run_main_module:33:47

Node.js v24.6.0
C:\Users\CCL\Desktop\GOUZEPE_APP\api\server.js:13
const cors = require('cors');
      ^

SyntaxError: Identifier 'cors' has already been declared
    at wrapSafe (node:internal/modules/cjs/loader:1669:18)
    at Module._compile (node:internal/modules/cjs/loader:1712:20)
    at Object..js (node:internal/modules/cjs/loader:1871:10)
    at Module.load (node:internal/modules/cjs/loader:1470:32)
    at Module._load (node:internal/modules/cjs/loader:1290:12)
    at TracingChannel.traceSync (node:diagnostics_channel:322:14)
    at wrapModuleLoad (node:internal/modules/cjs/loader:238:24)
    at Module.executeUserEntryPoint [as runMain] (node:internal/modules/run_main:154:5)
    at node:internal/main/run_main_module:33:47

Node.js v24.6.0
C:\Users\CCL\Desktop\GOUZEPE_APP\api\server.js:13
const cors = require('cors');
      ^

SyntaxError: Identifier 'cors' has already been declared
    at wrapSafe (node:internal/modules/cjs/loader:1669:18)
    at Module._compile (node:internal/modules/cjs/loader:1712:20)
    at Object..js (node:internal/modules/cjs/loader:1871:10)
    at Module.load (node:internal/modules/cjs/loader:1470:32)
    at Module._load (node:internal/modules/cjs/loader:1290:12)
    at TracingChannel.traceSync (node:diagnostics_channel:322:14)
    at wrapModuleLoad (node:internal/modules/cjs/loader:238:24)
    at Module.executeUserEntryPoint [as runMain] (node:internal/modules/run_main:154:5)
    at node:internal/main/run_main_module:33:47

Node.js v24.6.0
C:\Users\CCL\Desktop\GOUZEPE_APP\api\server.js:13
const cors = require('cors');
      ^

SyntaxError: Identifier 'cors' has already been declared
    at wrapSafe (node:internal/modules/cjs/loader:1669:18)
    at Module._compile (node:internal/modules/cjs/loader:1712:20)
    at Object..js (node:internal/modules/cjs/loader:1871:10)
    at Module.load (node:internal/modules/cjs/loader:1470:32)
    at Module._load (node:internal/modules/cjs/loader:1290:12)
    at TracingChannel.traceSync (node:diagnostics_channel:322:14)
    at wrapModuleLoad (node:internal/modules/cjs/loader:238:24)
    at Module.executeUserEntryPoint [as runMain] (node:internal/modules/run_main:154:5)
    at node:internal/main/run_main_module:33:47

Node.js v24.6.0
C:\Users\CCL\Desktop\GOUZEPE_APP\api\server.js:13
const cors = require('cors');
      ^

SyntaxError: Identifier 'cors' has already been declared
    at wrapSafe (node:internal/modules/cjs/loader:1669:18)
    at Module._compile (node:internal/modules/cjs/loader:1712:20)
    at Object..js (node:internal/modules/cjs/loader:1871:10)
    at Module.load (node:internal/modules/cjs/loader:1470:32)
    at Module._load (node:internal/modules/cjs/loader:1290:12)
    at TracingChannel.traceSync (node:diagnostics_channel:322:14)
    at wrapModuleLoad (node:internal/modules/cjs/loader:238:24)
    at Module.executeUserEntryPoint [as runMain] (node:internal/modules/run_main:154:5)
    at node:internal/main/run_main_module:33:47

Node.js v24.6.0
C:\Users\CCL\Desktop\GOUZEPE_APP\api\server.js:13
const cors = require('cors');
      ^

SyntaxError: Identifier 'cors' has already been declared
    at wrapSafe (node:internal/modules/cjs/loader:1669:18)
    at Module._compile (node:internal/modules/cjs/loader:1712:20)
    at Object..js (node:internal/modules/cjs/loader:1871:10)
    at Module.load (node:internal/modules/cjs/loader:1470:32)
    at Module._load (node:internal/modules/cjs/loader:1290:12)
    at TracingChannel.traceSync (node:diagnostics_channel:322:14)
    at wrapModuleLoad (node:internal/modules/cjs/loader:238:24)
    at Module.executeUserEntryPoint [as runMain] (node:internal/modules/run_main:154:5)
    at node:internal/main/run_main_module:33:47

Node.js v24.6.0
C:\Users\CCL\Desktop\GOUZEPE_APP\api\server.js:13
const cors = require('cors');
      ^

SyntaxError: Identifier 'cors' has already been declared
    at wrapSafe (node:internal/modules/cjs/loader:1669:18)
    at Module._compile (node:internal/modules/cjs/loader:1712:20)
    at Object..js (node:internal/modules/cjs/loader:1871:10)
    at Module.load (node:internal/modules/cjs/loader:1470:32)
    at Module._load (node:internal/modules/cjs/loader:1290:12)
    at TracingChannel.traceSync (node:diagnostics_channel:322:14)
    at wrapModuleLoad (node:internal/modules/cjs/loader:238:24)
    at Module.executeUserEntryPoint [as runMain] (node:internal/modules/run_main:154:5)
    at node:internal/main/run_main_module:33:47

Node.js v24.6.0
C:\Users\CCL\Desktop\GOUZEPE_APP\api\server.js:13
const cors = require('cors');
      ^

SyntaxError: Identifier 'cors' has already been declared
    at wrapSafe (node:internal/modules/cjs/loader:1669:18)
    at Module._compile (node:internal/modules/cjs/loader:1712:20)
    at Object..js (node:internal/modules/cjs/loader:1871:10)
    at Module.load (node:internal/modules/cjs/loader:1470:32)
    at Module._load (node:internal/modules/cjs/loader:1290:12)
    at TracingChannel.traceSync (node:diagnostics_channel:322:14)
    at wrapModuleLoad (node:internal/modules/cjs/loader:238:24)
    at Module.executeUserEntryPoint [as runMain] (node:internal/modules/run_main:154:5)
    at node:internal/main/run_main_module:33:47

Node.js v24.6.0
C:\Users\CCL\Desktop\GOUZEPE_APP\api\server.js:13
const cors = require('cors');
      ^

SyntaxError: Identifier 'cors' has already been declared
    at wrapSafe (node:internal/modules/cjs/loader:1669:18)
    at Module._compile (node:internal/modules/cjs/loader:1712:20)
    at Object..js (node:internal/modules/cjs/loader:1871:10)
    at Module.load (node:internal/modules/cjs/loader:1470:32)
    at Module._load (node:internal/modules/cjs/loader:1290:12)
    at TracingChannel.traceSync (node:diagnostics_channel:322:14)
    at wrapModuleLoad (node:internal/modules/cjs/loader:238:24)
    at Module.executeUserEntryPoint [as runMain] (node:internal/modules/run_main:154:5)
    at node:internal/main/run_main_module:33:47

Node.js v24.6.0
C:\Users\CCL\Desktop\GOUZEPE_APP\api\server.js:13
const cors = require('cors');
      ^

SyntaxError: Identifier 'cors' has already been declared
    at wrapSafe (node:internal/modules/cjs/loader:1669:18)
    at Module._compile (node:internal/modules/cjs/loader:1712:20)
    at Object..js (node:internal/modules/cjs/loader:1871:10)
    at Module.load (node:internal/modules/cjs/loader:1470:32)
    at Module._load (node:internal/modules/cjs/loader:1290:12)
    at TracingChannel.traceSync (node:diagnostics_channel:322:14)
    at wrapModuleLoad (node:internal/modules/cjs/loader:238:24)
    at Module.executeUserEntryPoint [as runMain] (node:internal/modules/run_main:154:5)
    at node:internal/main/run_main_module:33:47

Node.js v24.6.0
C:\Users\CCL\Desktop\GOUZEPE_APP\api\server.js:13
const cors = require('cors');
      ^

SyntaxError: Identifier 'cors' has already been declared
    at wrapSafe (node:internal/modules/cjs/loader:1669:18)
    at Module._compile (node:internal/modules/cjs/loader:1712:20)
    at Object..js (node:internal/modules/cjs/loader:1871:10)
    at Module.load (node:internal/modules/cjs/loader:1470:32)
    at Module._load (node:internal/modules/cjs/loader:1290:12)
    at TracingChannel.traceSync (node:diagnostics_channel:322:14)
    at wrapModuleLoad (node:internal/modules/cjs/loader:238:24)
    at Module.executeUserEntryPoint [as runMain] (node:internal/modules/run_main:154:5)
    at node:internal/main/run_main_module:33:47

Node.js v24.6.0
C:\Users\CCL\Desktop\GOUZEPE_APP\api\server.js:13
const cors = require('cors');
      ^

SyntaxError: Identifier 'cors' has already been declared
    at wrapSafe (node:internal/modules/cjs/loader:1669:18)
    at Module._compile (node:internal/modules/cjs/loader:1712:20)
    at Object..js (node:internal/modules/cjs/loader:1871:10)
    at Module.load (node:internal/modules/cjs/loader:1470:32)
    at Module._load (node:internal/modules/cjs/loader:1290:12)
    at TracingChannel.traceSync (node:diagnostics_channel:322:14)
    at wrapModuleLoad (node:internal/modules/cjs/loader:238:24)
    at Module.executeUserEntryPoint [as runMain] (node:internal/modules/run_main:154:5)
    at node:internal/main/run_main_module:33:47

Node.js v24.6.0
C:\Users\CCL\Desktop\GOUZEPE_APP\api\server.js:13
const cors = require('cors');
      ^

SyntaxError: Identifier 'cors' has already been declared
    at wrapSafe (node:internal/modules/cjs/loader:1669:18)
    at Module._compile (node:internal/modules/cjs/loader:1712:20)
    at Object..js (node:internal/modules/cjs/loader:1871:10)
    at Module.load (node:internal/modules/cjs/loader:1470:32)
    at Module._load (node:internal/modules/cjs/loader:1290:12)
    at TracingChannel.traceSync (node:diagnostics_channel:322:14)
    at wrapModuleLoad (node:internal/modules/cjs/loader:238:24)
    at Module.executeUserEntryPoint [as runMain] (node:internal/modules/run_main:154:5)
    at node:internal/main/run_main_module:33:47

Node.js v24.6.0
C:\Users\CCL\Desktop\GOUZEPE_APP\api\server.js:13
const cors = require('cors');
      ^

SyntaxError: Identifier 'cors' has already been declared
    at wrapSafe (node:internal/modules/cjs/loader:1669:18)
    at Module._compile (node:internal/modules/cjs/loader:1712:20)
    at Object..js (node:internal/modules/cjs/loader:1871:10)
    at Module.load (node:internal/modules/cjs/loader:1470:32)
    at Module._load (node:internal/modules/cjs/loader:1290:12)
    at TracingChannel.traceSync (node:diagnostics_channel:322:14)
    at wrapModuleLoad (node:internal/modules/cjs/loader:238:24)
    at Module.executeUserEntryPoint [as runMain] (node:internal/modules/run_main:154:5)
    at node:internal/main/run_main_module:33:47

Node.js v24.6.0
C:\Users\CCL\Desktop\GOUZEPE_APP\api\server.js:13
const cors = require('cors');
      ^

SyntaxError: Identifier 'cors' has already been declared
    at wrapSafe (node:internal/modules/cjs/loader:1669:18)
    at Module._compile (node:internal/modules/cjs/loader:1712:20)
    at Object..js (node:internal/modules/cjs/loader:1871:10)
    at Module.load (node:internal/modules/cjs/loader:1470:32)
    at Module._load (node:internal/modules/cjs/loader:1290:12)
    at TracingChannel.traceSync (node:diagnostics_channel:322:14)
    at wrapModuleLoad (node:internal/modules/cjs/loader:238:24)
    at Module.executeUserEntryPoint [as runMain] (node:internal/modules/run_main:154:5)
    at node:internal/main/run_main_module:33:47

Node.js v24.6.0
C:\Users\CCL\Desktop\GOUZEPE_APP\api\server.js:13
const cors = require('cors');
      ^

SyntaxError: Identifier 'cors' has already been declared
    at wrapSafe (node:internal/modules/cjs/loader:1669:18)
    at Module._compile (node:internal/modules/cjs/loader:1712:20)
    at Object..js (node:internal/modules/cjs/loader:1871:10)
    at Module.load (node:internal/modules/cjs/loader:1470:32)
    at Module._load (node:internal/modules/cjs/loader:1290:12)
    at TracingChannel.traceSync (node:diagnostics_channel:322:14)
    at wrapModuleLoad (node:internal/modules/cjs/loader:238:24)
    at Module.executeUserEntryPoint [as runMain] (node:internal/modules/run_main:154:5)
    at node:internal/main/run_main_module:33:47

Node.js v24.6.0
C:\Users\CCL\Desktop\GOUZEPE_APP\api\server.js:13
const cors = require('cors');
      ^

SyntaxError: Identifier 'cors' has already been declared
    at wrapSafe (node:internal/modules/cjs/loader:1669:18)
    at Module._compile (node:internal/modules/cjs/loader:1712:20)
    at Object..js (node:internal/modules/cjs/loader:1871:10)
    at Module.load (node:internal/modules/cjs/loader:1470:32)
    at Module._load (node:internal/modules/cjs/loader:1290:12)
    at TracingChannel.traceSync (node:diagnostics_channel:322:14)
    at wrapModuleLoad (node:internal/modules/cjs/loader:238:24)
    at Module.executeUserEntryPoint [as runMain] (node:internal/modules/run_main:154:5)
    at node:internal/main/run_main_module:33:47

Node.js v24.6.0
C:\Users\CCL\Desktop\GOUZEPE_APP\api\server.js:13
const cors = require('cors');
      ^

SyntaxError: Identifier 'cors' has already been declared
    at wrapSafe (node:internal/modules/cjs/loader:1669:18)
    at Module._compile (node:internal/modules/cjs/loader:1712:20)
    at Object..js (node:internal/modules/cjs/loader:1871:10)
    at Module.load (node:internal/modules/cjs/loader:1470:32)
    at Module._load (node:internal/modules/cjs/loader:1290:12)
    at TracingChannel.traceSync (node:diagnostics_channel:322:14)
    at wrapModuleLoad (node:internal/modules/cjs/loader:238:24)
    at Module.executeUserEntryPoint [as runMain] (node:internal/modules/run_main:154:5)
    at node:internal/main/run_main_module:33:47

Node.js v24.6.0
C:\Users\CCL\Desktop\GOUZEPE_APP\api\server.js:13
const cors = require('cors');
      ^

SyntaxError: Identifier 'cors' has already been declared
    at wrapSafe (node:internal/modules/cjs/loader:1669:18)
    at Module._compile (node:internal/modules/cjs/loader:1712:20)
    at Object..js (node:internal/modules/cjs/loader:1871:10)
    at Module.load (node:internal/modules/cjs/loader:1470:32)
    at Module._load (node:internal/modules/cjs/loader:1290:12)
    at TracingChannel.traceSync (node:diagnostics_channel:322:14)
    at wrapModuleLoad (node:internal/modules/cjs/loader:238:24)
    at Module.executeUserEntryPoint [as runMain] (node:internal/modules/run_main:154:5)
    at node:internal/main/run_main_module:33:47

Node.js v24.6.0
C:\Users\CCL\Desktop\GOUZEPE_APP\api\server.js:13
const cors = require('cors');
      ^

SyntaxError: Identifier 'cors' has already been declared
    at wrapSafe (node:internal/modules/cjs/loader:1669:18)
    at Module._compile (node:internal/modules/cjs/loader:1712:20)
    at Object..js (node:internal/modules/cjs/loader:1871:10)
    at Module.load (node:internal/modules/cjs/loader:1470:32)
    at Module._load (node:internal/modules/cjs/loader:1290:12)
    at TracingChannel.traceSync (node:diagnostics_channel:322:14)
    at wrapModuleLoad (node:internal/modules/cjs/loader:238:24)
    at Module.executeUserEntryPoint [as runMain] (node:internal/modules/run_main:154:5)
    at node:internal/main/run_main_module:33:47

Node.js v24.6.0
C:\Users\CCL\Desktop\GOUZEPE_APP\api\server.js:13
const cors = require('cors');
      ^

SyntaxError: Identifier 'cors' has already been declared
    at wrapSafe (node:internal/modules/cjs/loader:1669:18)
    at Module._compile (node:internal/modules/cjs/loader:1712:20)
    at Object..js (node:internal/modules/cjs/loader:1871:10)
    at Module.load (node:internal/modules/cjs/loader:1470:32)
    at Module._load (node:internal/modules/cjs/loader:1290:12)
    at TracingChannel.traceSync (node:diagnostics_channel:322:14)
    at wrapModuleLoad (node:internal/modules/cjs/loader:238:24)
    at Module.executeUserEntryPoint [as runMain] (node:internal/modules/run_main:154:5)
    at node:internal/main/run_main_module:33:47

Node.js v24.6.0
C:\Users\CCL\Desktop\GOUZEPE_APP\api\server.js:13
const cors = require('cors');
      ^

SyntaxError: Identifier 'cors' has already been declared
    at wrapSafe (node:internal/modules/cjs/loader:1669:18)
    at Module._compile (node:internal/modules/cjs/loader:1712:20)
    at Object..js (node:internal/modules/cjs/loader:1871:10)
    at Module.load (node:internal/modules/cjs/loader:1470:32)
    at Module._load (node:internal/modules/cjs/loader:1290:12)
    at TracingChannel.traceSync (node:diagnostics_channel:322:14)
    at wrapModuleLoad (node:internal/modules/cjs/loader:238:24)
    at Module.executeUserEntryPoint [as runMain] (node:internal/modules/run_main:154:5)
    at node:internal/main/run_main_module:33:47

Node.js v24.6.0
C:\Users\CCL\Desktop\GOUZEPE_APP\api\server.js:13
const cors = require('cors');
      ^

SyntaxError: Identifier 'cors' has already been declared
    at wrapSafe (node:internal/modules/cjs/loader:1669:18)
    at Module._compile (node:internal/modules/cjs/loader:1712:20)
    at Object..js (node:internal/modules/cjs/loader:1871:10)
    at Module.load (node:internal/modules/cjs/loader:1470:32)
    at Module._load (node:internal/modules/cjs/loader:1290:12)
    at TracingChannel.traceSync (node:diagnostics_channel:322:14)
    at wrapModuleLoad (node:internal/modules/cjs/loader:238:24)
    at Module.executeUserEntryPoint [as runMain] (node:internal/modules/run_main:154:5)
    at node:internal/main/run_main_module:33:47

Node.js v24.6.0
C:\Users\CCL\Desktop\GOUZEPE_APP\api\server.js:13
const cors = require('cors');
      ^

SyntaxError: Identifier 'cors' has already been declared
    at wrapSafe (node:internal/modules/cjs/loader:1669:18)
    at Module._compile (node:internal/modules/cjs/loader:1712:20)
    at Object..js (node:internal/modules/cjs/loader:1871:10)
    at Module.load (node:internal/modules/cjs/loader:1470:32)
    at Module._load (node:internal/modules/cjs/loader:1290:12)
    at TracingChannel.traceSync (node:diagnostics_channel:322:14)
    at wrapModuleLoad (node:internal/modules/cjs/loader:238:24)
    at Module.executeUserEntryPoint [as runMain] (node:internal/modules/run_main:154:5)
    at node:internal/main/run_main_module:33:47

Node.js v24.6.0
C:\Users\CCL\Desktop\GOUZEPE_APP\api\server.js:13
const cors = require('cors');
      ^

SyntaxError: Identifier 'cors' has already been declared
    at wrapSafe (node:internal/modules/cjs/loader:1669:18)
    at Module._compile (node:internal/modules/cjs/loader:1712:20)
    at Object..js (node:internal/modules/cjs/loader:1871:10)
    at Module.load (node:internal/modules/cjs/loader:1470:32)
    at Module._load (node:internal/modules/cjs/loader:1290:12)
    at TracingChannel.traceSync (node:diagnostics_channel:322:14)
    at wrapModuleLoad (node:internal/modules/cjs/loader:238:24)
    at Module.executeUserEntryPoint [as runMain] (node:internal/modules/run_main:154:5)
    at node:internal/main/run_main_module:33:47

Node.js v24.6.0
C:\Users\CCL\Desktop\GOUZEPE_APP\api\server.js:13
const cors = require('cors');
      ^

SyntaxError: Identifier 'cors' has already been declared
    at wrapSafe (node:internal/modules/cjs/loader:1669:18)
    at Module._compile (node:internal/modules/cjs/loader:1712:20)
    at Object..js (node:internal/modules/cjs/loader:1871:10)
    at Module.load (node:internal/modules/cjs/loader:1470:32)
    at Module._load (node:internal/modules/cjs/loader:1290:12)
    at TracingChannel.traceSync (node:diagnostics_channel:322:14)
    at wrapModuleLoad (node:internal/modules/cjs/loader:238:24)
    at Module.executeUserEntryPoint [as runMain] (node:internal/modules/run_main:154:5)
    at node:internal/main/run_main_module:33:47

Node.js v24.6.0
C:\Users\CCL\Desktop\GOUZEPE_APP\api\server.js:13
const cors = require('cors');
      ^

SyntaxError: Identifier 'cors' has already been declared
    at wrapSafe (node:internal/modules/cjs/loader:1669:18)
    at Module._compile (node:internal/modules/cjs/loader:1712:20)
    at Object..js (node:internal/modules/cjs/loader:1871:10)
    at Module.load (node:internal/modules/cjs/loader:1470:32)
    at Module._load (node:internal/modules/cjs/loader:1290:12)
    at TracingChannel.traceSync (node:diagnostics_channel:322:14)
    at wrapModuleLoad (node:internal/modules/cjs/loader:238:24)
    at Module.executeUserEntryPoint [as runMain] (node:internal/modules/run_main:154:5)
    at node:internal/main/run_main_module:33:47

Node.js v24.6.0
C:\Users\CCL\Desktop\GOUZEPE_APP\api\server.js:13
const cors = require('cors');
      ^

SyntaxError: Identifier 'cors' has already been declared
    at wrapSafe (node:internal/modules/cjs/loader:1669:18)
    at Module._compile (node:internal/modules/cjs/loader:1712:20)
    at Object..js (node:internal/modules/cjs/loader:1871:10)
    at Module.load (node:internal/modules/cjs/loader:1470:32)
    at Module._load (node:internal/modules/cjs/loader:1290:12)
    at TracingChannel.traceSync (node:diagnostics_channel:322:14)
    at wrapModuleLoad (node:internal/modules/cjs/loader:238:24)
    at Module.executeUserEntryPoint [as runMain] (node:internal/modules/run_main:154:5)
    at node:internal/main/run_main_module:33:47

Node.js v24.6.0
C:\Users\CCL\Desktop\GOUZEPE_APP\api\server.js:13
const cors = require('cors');
      ^

SyntaxError: Identifier 'cors' has already been declared
    at wrapSafe (node:internal/modules/cjs/loader:1669:18)
    at Module._compile (node:internal/modules/cjs/loader:1712:20)
    at Object..js (node:internal/modules/cjs/loader:1871:10)
    at Module.load (node:internal/modules/cjs/loader:1470:32)
    at Module._load (node:internal/modules/cjs/loader:1290:12)
    at TracingChannel.traceSync (node:diagnostics_channel:322:14)
    at wrapModuleLoad (node:internal/modules/cjs/loader:238:24)
    at Module.executeUserEntryPoint [as runMain] (node:internal/modules/run_main:154:5)
    at node:internal/main/run_main_module:33:47

Node.js v24.6.0
C:\Users\CCL\Desktop\GOUZEPE_APP\api\server.js:13
const cors = require('cors');
      ^

SyntaxError: Identifier 'cors' has already been declared
    at wrapSafe (node:internal/modules/cjs/loader:1669:18)
    at Module._compile (node:internal/modules/cjs/loader:1712:20)
    at Object..js (node:internal/modules/cjs/loader:1871:10)
    at Module.load (node:internal/modules/cjs/loader:1470:32)
    at Module._load (node:internal/modules/cjs/loader:1290:12)
    at TracingChannel.traceSync (node:diagnostics_channel:322:14)
    at wrapModuleLoad (node:internal/modules/cjs/loader:238:24)
    at Module.executeUserEntryPoint [as runMain] (node:internal/modules/run_main:154:5)
    at node:internal/main/run_main_module:33:47

Node.js v24.6.0
C:\Users\CCL\Desktop\GOUZEPE_APP\api\server.js:13
const cors = require('cors');
      ^

SyntaxError: Identifier 'cors' has already been declared
    at wrapSafe (node:internal/modules/cjs/loader:1669:18)
    at Module._compile (node:internal/modules/cjs/loader:1712:20)
    at Object..js (node:internal/modules/cjs/loader:1871:10)
    at Module.load (node:internal/modules/cjs/loader:1470:32)
    at Module._load (node:internal/modules/cjs/loader:1290:12)
    at TracingChannel.traceSync (node:diagnostics_channel:322:14)
    at wrapModuleLoad (node:internal/modules/cjs/loader:238:24)
    at Module.executeUserEntryPoint [as runMain] (node:internal/modules/run_main:154:5)
    at node:internal/main/run_main_module:33:47

Node.js v24.6.0
C:\Users\CCL\Desktop\GOUZEPE_APP\api\server.js:13
const cors = require('cors');
      ^

SyntaxError: Identifier 'cors' has already been declared
    at wrapSafe (node:internal/modules/cjs/loader:1669:18)
    at Module._compile (node:internal/modules/cjs/loader:1712:20)
    at Object..js (node:internal/modules/cjs/loader:1871:10)
    at Module.load (node:internal/modules/cjs/loader:1470:32)
    at Module._load (node:internal/modules/cjs/loader:1290:12)
    at TracingChannel.traceSync (node:diagnostics_channel:322:14)
    at wrapModuleLoad (node:internal/modules/cjs/loader:238:24)
    at Module.executeUserEntryPoint [as runMain] (node:internal/modules/run_main:154:5)
    at node:internal/main/run_main_module:33:47

Node.js v24.6.0
C:\Users\CCL\Desktop\GOUZEPE_APP\api\server.js:13
const cors = require('cors');
      ^

SyntaxError: Identifier 'cors' has already been declared
    at wrapSafe (node:internal/modules/cjs/loader:1669:18)
    at Module._compile (node:internal/modules/cjs/loader:1712:20)
    at Object..js (node:internal/modules/cjs/loader:1871:10)
    at Module.load (node:internal/modules/cjs/loader:1470:32)
    at Module._load (node:internal/modules/cjs/loader:1290:12)
    at TracingChannel.traceSync (node:diagnostics_channel:322:14)
    at wrapModuleLoad (node:internal/modules/cjs/loader:238:24)
    at Module.executeUserEntryPoint [as runMain] (node:internal/modules/run_main:154:5)
    at node:internal/main/run_main_module:33:47

Node.js v24.6.0
C:\Users\CCL\Desktop\GOUZEPE_APP\api\server.js:13
const cors = require('cors');
      ^

SyntaxError: Identifier 'cors' has already been declared
    at wrapSafe (node:internal/modules/cjs/loader:1669:18)
    at Module._compile (node:internal/modules/cjs/loader:1712:20)
    at Object..js (node:internal/modules/cjs/loader:1871:10)
    at Module.load (node:internal/modules/cjs/loader:1470:32)
    at Module._load (node:internal/modules/cjs/loader:1290:12)
    at TracingChannel.traceSync (node:diagnostics_channel:322:14)
    at wrapModuleLoad (node:internal/modules/cjs/loader:238:24)
    at Module.executeUserEntryPoint [as runMain] (node:internal/modules/run_main:154:5)
    at node:internal/main/run_main_module:33:47

Node.js v24.6.0
C:\Users\CCL\Desktop\GOUZEPE_APP\api\server.js:13
const cors = require('cors');
      ^

SyntaxError: Identifier 'cors' has already been declared
    at wrapSafe (node:internal/modules/cjs/loader:1669:18)
    at Module._compile (node:internal/modules/cjs/loader:1712:20)
    at Object..js (node:internal/modules/cjs/loader:1871:10)
    at Module.load (node:internal/modules/cjs/loader:1470:32)
    at Module._load (node:internal/modules/cjs/loader:1290:12)
    at TracingChannel.traceSync (node:diagnostics_channel:322:14)
    at wrapModuleLoad (node:internal/modules/cjs/loader:238:24)
    at Module.executeUserEntryPoint [as runMain] (node:internal/modules/run_main:154:5)
    at node:internal/main/run_main_module:33:47

Node.js v24.6.0
C:\Users\CCL\Desktop\GOUZEPE_APP\api\server.js:13
const cors = require('cors');
      ^

SyntaxError: Identifier 'cors' has already been declared
    at wrapSafe (node:internal/modules/cjs/loader:1669:18)
    at Module._compile (node:internal/modules/cjs/loader:1712:20)
    at Object..js (node:internal/modules/cjs/loader:1871:10)
    at Module.load (node:internal/modules/cjs/loader:1470:32)
    at Module._load (node:internal/modules/cjs/loader:1290:12)
    at TracingChannel.traceSync (node:diagnostics_channel:322:14)
    at wrapModuleLoad (node:internal/modules/cjs/loader:238:24)
    at Module.executeUserEntryPoint [as runMain] (node:internal/modules/run_main:154:5)
    at node:internal/main/run_main_module:33:47

Node.js v24.6.0
C:\Users\CCL\Desktop\GOUZEPE_APP\api\server.js:13
const cors = require('cors');
      ^

SyntaxError: Identifier 'cors' has already been declared
    at wrapSafe (node:internal/modules/cjs/loader:1669:18)
    at Module._compile (node:internal/modules/cjs/loader:1712:20)
    at Object..js (node:internal/modules/cjs/loader:1871:10)
    at Module.load (node:internal/modules/cjs/loader:1470:32)
    at Module._load (node:internal/modules/cjs/loader:1290:12)
    at TracingChannel.traceSync (node:diagnostics_channel:322:14)
    at wrapModuleLoad (node:internal/modules/cjs/loader:238:24)
    at Module.executeUserEntryPoint [as runMain] (node:internal/modules/run_main:154:5)
    at node:internal/main/run_main_module:33:47

Node.js v24.6.0
C:\Users\CCL\Desktop\GOUZEPE_APP\api\server.js:13
const cors = require('cors');
      ^

SyntaxError: Identifier 'cors' has already been declared
    at wrapSafe (node:internal/modules/cjs/loader:1669:18)
    at Module._compile (node:internal/modules/cjs/loader:1712:20)
    at Object..js (node:internal/modules/cjs/loader:1871:10)
    at Module.load (node:internal/modules/cjs/loader:1470:32)
    at Module._load (node:internal/modules/cjs/loader:1290:12)
    at TracingChannel.traceSync (node:diagnostics_channel:322:14)
    at wrapModuleLoad (node:internal/modules/cjs/loader:238:24)
    at Module.executeUserEntryPoint [as runMain] (node:internal/modules/run_main:154:5)
    at node:internal/main/run_main_module:33:47

Node.js v24.6.0
C:\Users\CCL\Desktop\GOUZEPE_APP\api\server.js:13
const cors = require('cors');
      ^

SyntaxError: Identifier 'cors' has already been declared
    at wrapSafe (node:internal/modules/cjs/loader:1669:18)
    at Module._compile (node:internal/modules/cjs/loader:1712:20)
    at Object..js (node:internal/modules/cjs/loader:1871:10)
    at Module.load (node:internal/modules/cjs/loader:1470:32)
    at Module._load (node:internal/modules/cjs/loader:1290:12)
    at TracingChannel.traceSync (node:diagnostics_channel:322:14)
    at wrapModuleLoad (node:internal/modules/cjs/loader:238:24)
    at Module.executeUserEntryPoint [as runMain] (node:internal/modules/run_main:154:5)
    at node:internal/main/run_main_module:33:47

Node.js v24.6.0
C:\Users\CCL\Desktop\GOUZEPE_APP\api\server.js:13
const cors = require('cors');
      ^

SyntaxError: Identifier 'cors' has already been declared
    at wrapSafe (node:internal/modules/cjs/loader:1669:18)
    at Module._compile (node:internal/modules/cjs/loader:1712:20)
    at Object..js (node:internal/modules/cjs/loader:1871:10)
    at Module.load (node:internal/modules/cjs/loader:1470:32)
    at Module._load (node:internal/modules/cjs/loader:1290:12)
    at TracingChannel.traceSync (node:diagnostics_channel:322:14)
    at wrapModuleLoad (node:internal/modules/cjs/loader:238:24)
    at Module.executeUserEntryPoint [as runMain] (node:internal/modules/run_main:154:5)
    at node:internal/main/run_main_module:33:47

Node.js v24.6.0
C:\Users\CCL\Desktop\GOUZEPE_APP\api\server.js:13
const cors = require('cors');
      ^

SyntaxError: Identifier 'cors' has already been declared
    at wrapSafe (node:internal/modules/cjs/loader:1669:18)
    at Module._compile (node:internal/modules/cjs/loader:1712:20)
    at Object..js (node:internal/modules/cjs/loader:1871:10)
    at Module.load (node:internal/modules/cjs/loader:1470:32)
    at Module._load (node:internal/modules/cjs/loader:1290:12)
    at TracingChannel.traceSync (node:diagnostics_channel:322:14)
    at wrapModuleLoad (node:internal/modules/cjs/loader:238:24)
    at Module.executeUserEntryPoint [as runMain] (node:internal/modules/run_main:154:5)
    at node:internal/main/run_main_module:33:47

Node.js v24.6.0
C:\Users\CCL\Desktop\GOUZEPE_APP\api\server.js:13
const cors = require('cors');
      ^

SyntaxError: Identifier 'cors' has already been declared
    at wrapSafe (node:internal/modules/cjs/loader:1669:18)
    at Module._compile (node:internal/modules/cjs/loader:1712:20)
    at Object..js (node:internal/modules/cjs/loader:1871:10)
    at Module.load (node:internal/modules/cjs/loader:1470:32)
    at Module._load (node:internal/modules/cjs/loader:1290:12)
    at TracingChannel.traceSync (node:diagnostics_channel:322:14)
    at wrapModuleLoad (node:internal/modules/cjs/loader:238:24)
    at Module.executeUserEntryPoint [as runMain] (node:internal/modules/run_main:154:5)
    at node:internal/main/run_main_module:33:47

Node.js v24.6.0
C:\Users\CCL\Desktop\GOUZEPE_APP\api\server.js:13
const cors = require('cors');
      ^

SyntaxError: Identifier 'cors' has already been declared
    at wrapSafe (node:internal/modules/cjs/loader:1669:18)
    at Module._compile (node:internal/modules/cjs/loader:1712:20)
    at Object..js (node:internal/modules/cjs/loader:1871:10)
    at Module.load (node:internal/modules/cjs/loader:1470:32)
    at Module._load (node:internal/modules/cjs/loader:1290:12)
    at TracingChannel.traceSync (node:diagnostics_channel:322:14)
    at wrapModuleLoad (node:internal/modules/cjs/loader:238:24)
    at Module.executeUserEntryPoint [as runMain] (node:internal/modules/run_main:154:5)
    at node:internal/main/run_main_module:33:47

Node.js v24.6.0
C:\Users\CCL\Desktop\GOUZEPE_APP\api\server.js:13
const cors = require('cors');
      ^

SyntaxError: Identifier 'cors' has already been declared
    at wrapSafe (node:internal/modules/cjs/loader:1669:18)
    at Module._compile (node:internal/modules/cjs/loader:1712:20)
    at Object..js (node:internal/modules/cjs/loader:1871:10)
    at Module.load (node:internal/modules/cjs/loader:1470:32)
    at Module._load (node:internal/modules/cjs/loader:1290:12)
    at TracingChannel.traceSync (node:diagnostics_channel:322:14)
    at wrapModuleLoad (node:internal/modules/cjs/loader:238:24)
    at Module.executeUserEntryPoint [as runMain] (node:internal/modules/run_main:154:5)
    at node:internal/main/run_main_module:33:47

Node.js v24.6.0
C:\Users\CCL\Desktop\GOUZEPE_APP\api\server.js:13
const cors = require('cors');
      ^

SyntaxError: Identifier 'cors' has already been declared
    at wrapSafe (node:internal/modules/cjs/loader:1669:18)
    at Module._compile (node:internal/modules/cjs/loader:1712:20)
    at Object..js (node:internal/modules/cjs/loader:1871:10)
    at Module.load (node:internal/modules/cjs/loader:1470:32)
    at Module._load (node:internal/modules/cjs/loader:1290:12)
    at TracingChannel.traceSync (node:diagnostics_channel:322:14)
    at wrapModuleLoad (node:internal/modules/cjs/loader:238:24)
    at Module.executeUserEntryPoint [as runMain] (node:internal/modules/run_main:154:5)
    at node:internal/main/run_main_module:33:47

Node.js v24.6.0
C:\Users\CCL\Desktop\GOUZEPE_APP\api\server.js:13
const cors = require('cors');
      ^

SyntaxError: Identifier 'cors' has already been declared
    at wrapSafe (node:internal/modules/cjs/loader:1669:18)
    at Module._compile (node:internal/modules/cjs/loader:1712:20)
    at Object..js (node:internal/modules/cjs/loader:1871:10)
    at Module.load (node:internal/modules/cjs/loader:1470:32)
    at Module._load (node:internal/modules/cjs/loader:1290:12)
    at TracingChannel.traceSync (node:diagnostics_channel:322:14)
    at wrapModuleLoad (node:internal/modules/cjs/loader:238:24)
    at Module.executeUserEntryPoint [as runMain] (node:internal/modules/run_main:154:5)
    at node:internal/main/run_main_module:33:47

Node.js v24.6.0
C:\Users\CCL\Desktop\GOUZEPE_APP\api\server.js:13
const cors = require('cors');
      ^

SyntaxError: Identifier 'cors' has already been declared
    at wrapSafe (node:internal/modules/cjs/loader:1669:18)
    at Module._compile (node:internal/modules/cjs/loader:1712:20)
    at Object..js (node:internal/modules/cjs/loader:1871:10)
    at Module.load (node:internal/modules/cjs/loader:1470:32)
    at Module._load (node:internal/modules/cjs/loader:1290:12)
    at TracingChannel.traceSync (node:diagnostics_channel:322:14)
    at wrapModuleLoad (node:internal/modules/cjs/loader:238:24)
    at Module.executeUserEntryPoint [as runMain] (node:internal/modules/run_main:154:5)
    at node:internal/main/run_main_module:33:47

Node.js v24.6.0
C:\Users\CCL\Desktop\GOUZEPE_APP\api\server.js:13
const cors = require('cors');
      ^

SyntaxError: Identifier 'cors' has already been declared
    at wrapSafe (node:internal/modules/cjs/loader:1669:18)
    at Module._compile (node:internal/modules/cjs/loader:1712:20)
    at Object..js (node:internal/modules/cjs/loader:1871:10)
    at Module.load (node:internal/modules/cjs/loader:1470:32)
    at Module._load (node:internal/modules/cjs/loader:1290:12)
    at TracingChannel.traceSync (node:diagnostics_channel:322:14)
    at wrapModuleLoad (node:internal/modules/cjs/loader:238:24)
    at Module.executeUserEntryPoint [as runMain] (node:internal/modules/run_main:154:5)
    at node:internal/main/run_main_module:33:47

Node.js v24.6.0
C:\Users\CCL\Desktop\GOUZEPE_APP\api\server.js:13
const cors = require('cors');
      ^

SyntaxError: Identifier 'cors' has already been declared
    at wrapSafe (node:internal/modules/cjs/loader:1669:18)
    at Module._compile (node:internal/modules/cjs/loader:1712:20)
    at Object..js (node:internal/modules/cjs/loader:1871:10)
    at Module.load (node:internal/modules/cjs/loader:1470:32)
    at Module._load (node:internal/modules/cjs/loader:1290:12)
    at TracingChannel.traceSync (node:diagnostics_channel:322:14)
    at wrapModuleLoad (node:internal/modules/cjs/loader:238:24)
    at Module.executeUserEntryPoint [as runMain] (node:internal/modules/run_main:154:5)
    at node:internal/main/run_main_module:33:47

Node.js v24.6.0
C:\Users\CCL\Desktop\GOUZEPE_APP\api\server.js:13
const cors = require('cors');
      ^

SyntaxError: Identifier 'cors' has already been declared
    at wrapSafe (node:internal/modules/cjs/loader:1669:18)
    at Module._compile (node:internal/modules/cjs/loader:1712:20)
    at Object..js (node:internal/modules/cjs/loader:1871:10)
    at Module.load (node:internal/modules/cjs/loader:1470:32)
    at Module._load (node:internal/modules/cjs/loader:1290:12)
    at TracingChannel.traceSync (node:diagnostics_channel:322:14)
    at wrapModuleLoad (node:internal/modules/cjs/loader:238:24)
    at Module.executeUserEntryPoint [as runMain] (node:internal/modules/run_main:154:5)
    at node:internal/main/run_main_module:33:47

Node.js v24.6.0
C:\Users\CCL\Desktop\GOUZEPE_APP\api\server.js:13
const cors = require('cors');
      ^

SyntaxError: Identifier 'cors' has already been declared
    at wrapSafe (node:internal/modules/cjs/loader:1669:18)
    at Module._compile (node:internal/modules/cjs/loader:1712:20)
    at Object..js (node:internal/modules/cjs/loader:1871:10)
    at Module.load (node:internal/modules/cjs/loader:1470:32)
    at Module._load (node:internal/modules/cjs/loader:1290:12)
    at TracingChannel.traceSync (node:diagnostics_channel:322:14)
    at wrapModuleLoad (node:internal/modules/cjs/loader:238:24)
    at Module.executeUserEntryPoint [as runMain] (node:internal/modules/run_main:154:5)
    at node:internal/main/run_main_module:33:47

Node.js v24.6.0
C:\Users\CCL\Desktop\GOUZEPE_APP\api\server.js:13
const cors = require('cors');
      ^

SyntaxError: Identifier 'cors' has already been declared
    at wrapSafe (node:internal/modules/cjs/loader:1669:18)
    at Module._compile (node:internal/modules/cjs/loader:1712:20)
    at Object..js (node:internal/modules/cjs/loader:1871:10)
    at Module.load (node:internal/modules/cjs/loader:1470:32)
    at Module._load (node:internal/modules/cjs/loader:1290:12)
    at TracingChannel.traceSync (node:diagnostics_channel:322:14)
    at wrapModuleLoad (node:internal/modules/cjs/loader:238:24)
    at Module.executeUserEntryPoint [as runMain] (node:internal/modules/run_main:154:5)
    at node:internal/main/run_main_module:33:47

Node.js v24.6.0
C:\Users\CCL\Desktop\GOUZEPE_APP\api\server.js:13
const cors = require('cors');
      ^

SyntaxError: Identifier 'cors' has already been declared
    at wrapSafe (node:internal/modules/cjs/loader:1669:18)
    at Module._compile (node:internal/modules/cjs/loader:1712:20)
    at Object..js (node:internal/modules/cjs/loader:1871:10)
    at Module.load (node:internal/modules/cjs/loader:1470:32)
    at Module._load (node:internal/modules/cjs/loader:1290:12)
    at TracingChannel.traceSync (node:diagnostics_channel:322:14)
    at wrapModuleLoad (node:internal/modules/cjs/loader:238:24)
    at Module.executeUserEntryPoint [as runMain] (node:internal/modules/run_main:154:5)
    at node:internal/main/run_main_module:33:47

Node.js v24.6.0
C:\Users\CCL\Desktop\GOUZEPE_APP\api\server.js:13
const cors = require('cors');
      ^

SyntaxError: Identifier 'cors' has already been declared
    at wrapSafe (node:internal/modules/cjs/loader:1669:18)
    at Module._compile (node:internal/modules/cjs/loader:1712:20)
    at Object..js (node:internal/modules/cjs/loader:1871:10)
    at Module.load (node:internal/modules/cjs/loader:1470:32)
    at Module._load (node:internal/modules/cjs/loader:1290:12)
    at TracingChannel.traceSync (node:diagnostics_channel:322:14)
    at wrapModuleLoad (node:internal/modules/cjs/loader:238:24)
    at Module.executeUserEntryPoint [as runMain] (node:internal/modules/run_main:154:5)
    at node:internal/main/run_main_module:33:47

Node.js v24.6.0
C:\Users\CCL\Desktop\GOUZEPE_APP\api\server.js:13
const cors = require('cors');
      ^

SyntaxError: Identifier 'cors' has already been declared
    at wrapSafe (node:internal/modules/cjs/loader:1669:18)
    at Module._compile (node:internal/modules/cjs/loader:1712:20)
    at Object..js (node:internal/modules/cjs/loader:1871:10)
    at Module.load (node:internal/modules/cjs/loader:1470:32)
    at Module._load (node:internal/modules/cjs/loader:1290:12)
    at TracingChannel.traceSync (node:diagnostics_channel:322:14)
    at wrapModuleLoad (node:internal/modules/cjs/loader:238:24)
    at Module.executeUserEntryPoint [as runMain] (node:internal/modules/run_main:154:5)
    at node:internal/main/run_main_module:33:47

Node.js v24.6.0
C:\Users\CCL\Desktop\GOUZEPE_APP\api\server.js:13
const cors = require('cors');
      ^

SyntaxError: Identifier 'cors' has already been declared
    at wrapSafe (node:internal/modules/cjs/loader:1669:18)
    at Module._compile (node:internal/modules/cjs/loader:1712:20)
    at Object..js (node:internal/modules/cjs/loader:1871:10)
    at Module.load (node:internal/modules/cjs/loader:1470:32)
    at Module._load (node:internal/modules/cjs/loader:1290:12)
    at TracingChannel.traceSync (node:diagnostics_channel:322:14)
    at wrapModuleLoad (node:internal/modules/cjs/loader:238:24)
    at Module.executeUserEntryPoint [as runMain] (node:internal/modules/run_main:154:5)
    at node:internal/main/run_main_module:33:47

Node.js v24.6.0
C:\Users\CCL\Desktop\GOUZEPE_APP\api\server.js:13
const cors = require('cors');
      ^

SyntaxError: Identifier 'cors' has already been declared
    at wrapSafe (node:internal/modules/cjs/loader:1669:18)
    at Module._compile (node:internal/modules/cjs/loader:1712:20)
    at Object..js (node:internal/modules/cjs/loader:1871:10)
    at Module.load (node:internal/modules/cjs/loader:1470:32)
    at Module._load (node:internal/modules/cjs/loader:1290:12)
    at TracingChannel.traceSync (node:diagnostics_channel:322:14)
    at wrapModuleLoad (node:internal/modules/cjs/loader:238:24)
    at Module.executeUserEntryPoint [as runMain] (node:internal/modules/run_main:154:5)
    at node:internal/main/run_main_module:33:47

Node.js v24.6.0
C:\Users\CCL\Desktop\GOUZEPE_APP\api\server.js:13
const cors = require('cors');
      ^

SyntaxError: Identifier 'cors' has already been declared
    at wrapSafe (node:internal/modules/cjs/loader:1669:18)
    at Module._compile (node:internal/modules/cjs/loader:1712:20)
    at Object..js (node:internal/modules/cjs/loader:1871:10)
    at Module.load (node:internal/modules/cjs/loader:1470:32)
    at Module._load (node:internal/modules/cjs/loader:1290:12)
    at TracingChannel.traceSync (node:diagnostics_channel:322:14)
    at wrapModuleLoad (node:internal/modules/cjs/loader:238:24)
    at Module.executeUserEntryPoint [as runMain] (node:internal/modules/run_main:154:5)
    at node:internal/main/run_main_module:33:47

Node.js v24.6.0
C:\Users\CCL\Desktop\GOUZEPE_APP\api\server.js:13
const cors = require('cors');
      ^

SyntaxError: Identifier 'cors' has already been declared
    at wrapSafe (node:internal/modules/cjs/loader:1669:18)
    at Module._compile (node:internal/modules/cjs/loader:1712:20)
    at Object..js (node:internal/modules/cjs/loader:1871:10)
    at Module.load (node:internal/modules/cjs/loader:1470:32)
    at Module._load (node:internal/modules/cjs/loader:1290:12)
    at TracingChannel.traceSync (node:diagnostics_channel:322:14)
    at wrapModuleLoad (node:internal/modules/cjs/loader:238:24)
    at Module.executeUserEntryPoint [as runMain] (node:internal/modules/run_main:154:5)
    at node:internal/main/run_main_module:33:47

Node.js v24.6.0
C:\Users\CCL\Desktop\GOUZEPE_APP\api\server.js:13
const cors = require('cors');
      ^

SyntaxError: Identifier 'cors' has already been declared
    at wrapSafe (node:internal/modules/cjs/loader:1669:18)
    at Module._compile (node:internal/modules/cjs/loader:1712:20)
    at Object..js (node:internal/modules/cjs/loader:1871:10)
    at Module.load (node:internal/modules/cjs/loader:1470:32)
    at Module._load (node:internal/modules/cjs/loader:1290:12)
    at TracingChannel.traceSync (node:diagnostics_channel:322:14)
    at wrapModuleLoad (node:internal/modules/cjs/loader:238:24)
    at Module.executeUserEntryPoint [as runMain] (node:internal/modules/run_main:154:5)
    at node:internal/main/run_main_module:33:47

Node.js v24.6.0
C:\Users\CCL\Desktop\GOUZEPE_APP\api\server.js:13
const cors = require('cors');
      ^

SyntaxError: Identifier 'cors' has already been declared
    at wrapSafe (node:internal/modules/cjs/loader:1669:18)
    at Module._compile (node:internal/modules/cjs/loader:1712:20)
    at Object..js (node:internal/modules/cjs/loader:1871:10)
    at Module.load (node:internal/modules/cjs/loader:1470:32)
    at Module._load (node:internal/modules/cjs/loader:1290:12)
    at TracingChannel.traceSync (node:diagnostics_channel:322:14)
    at wrapModuleLoad (node:internal/modules/cjs/loader:238:24)
    at Module.executeUserEntryPoint [as runMain] (node:internal/modules/run_main:154:5)
    at node:internal/main/run_main_module:33:47

Node.js v24.6.0
C:\Users\CCL\Desktop\GOUZEPE_APP\api\server.js:13
const cors = require('cors');
      ^

SyntaxError: Identifier 'cors' has already been declared
    at wrapSafe (node:internal/modules/cjs/loader:1669:18)
    at Module._compile (node:internal/modules/cjs/loader:1712:20)
    at Object..js (node:internal/modules/cjs/loader:1871:10)
    at Module.load (node:internal/modules/cjs/loader:1470:32)
    at Module._load (node:internal/modules/cjs/loader:1290:12)
    at TracingChannel.traceSync (node:diagnostics_channel:322:14)
    at wrapModuleLoad (node:internal/modules/cjs/loader:238:24)
    at Module.executeUserEntryPoint [as runMain] (node:internal/modules/run_main:154:5)
    at node:internal/main/run_main_module:33:47

Node.js v24.6.0
node:events:486
      throw er; // Unhandled 'error' event
      ^

Error: listen EADDRINUSE: address already in use 0.0.0.0:3000
    at Server.setupListenHandle [as _listen2] (node:net:1940:16)
    at listenInCluster (node:net:1997:12)
    at node:net:2206:7
    at process.processTicksAndRejections (node:internal/process/task_queues:90:21)
Emitted 'error' event on Server instance at:
    at emitErrorNT (node:net:1976:8)
    at process.processTicksAndRejections (node:internal/process/task_queues:90:21) {
  code: 'EADDRINUSE',
  errno: -4091,
  syscall: 'listen',
  address: '0.0.0.0',
  port: 3000
}

Node.js v24.6.0
node:events:486
      throw er; // Unhandled 'error' event
      ^

Error: listen EADDRINUSE: address already in use 0.0.0.0:3000
    at Server.setupListenHandle [as _listen2] (node:net:1940:16)
    at listenInCluster (node:net:1997:12)
    at node:net:2206:7
    at process.processTicksAndRejections (node:internal/process/task_queues:90:21)
Emitted 'error' event on Server instance at:
    at emitErrorNT (node:net:1976:8)
    at process.processTicksAndRejections (node:internal/process/task_queues:90:21) {
  code: 'EADDRINUSE',
  errno: -4091,
  syscall: 'listen',
  address: '0.0.0.0',
  port: 3000
}

Node.js v24.6.0
node:events:486
      throw er; // Unhandled 'error' event
      ^

Error: listen EADDRINUSE: address already in use 0.0.0.0:3000
    at Server.setupListenHandle [as _listen2] (node:net:1940:16)
    at listenInCluster (node:net:1997:12)
    at node:net:2206:7
    at process.processTicksAndRejections (node:internal/process/task_queues:90:21)
Emitted 'error' event on Server instance at:
    at emitErrorNT (node:net:1976:8)
    at process.processTicksAndRejections (node:internal/process/task_queues:90:21) {
  code: 'EADDRINUSE',
  errno: -4091,
  syscall: 'listen',
  address: '0.0.0.0',
  port: 3000
}

Node.js v24.6.0
node:events:486
      throw er; // Unhandled 'error' event
      ^

Error: listen EADDRINUSE: address already in use 0.0.0.0:3000
    at Server.setupListenHandle [as _listen2] (node:net:1940:16)
    at listenInCluster (node:net:1997:12)
    at node:net:2206:7
    at process.processTicksAndRejections (node:internal/process/task_queues:90:21)
Emitted 'error' event on Server instance at:
    at emitErrorNT (node:net:1976:8)
    at process.processTicksAndRejections (node:internal/process/task_queues:90:21) {
  code: 'EADDRINUSE',
  errno: -4091,
  syscall: 'listen',
  address: '0.0.0.0',
  port: 3000
}

Node.js v24.6.0
node:events:486
      throw er; // Unhandled 'error' event
      ^

Error: listen EADDRINUSE: address already in use 0.0.0.0:3000
    at Server.setupListenHandle [as _listen2] (node:net:1940:16)
    at listenInCluster (node:net:1997:12)
    at node:net:2206:7
    at process.processTicksAndRejections (node:internal/process/task_queues:90:21)
Emitted 'error' event on Server instance at:
    at emitErrorNT (node:net:1976:8)
    at process.processTicksAndRejections (node:internal/process/task_queues:90:21) {
  code: 'EADDRINUSE',
  errno: -4091,
  syscall: 'listen',
  address: '0.0.0.0',
  port: 3000
}

Node.js v24.6.0
node:events:486
      throw er; // Unhandled 'error' event
      ^

Error: listen EADDRINUSE: address already in use 0.0.0.0:3000
    at Server.setupListenHandle [as _listen2] (node:net:1940:16)
    at listenInCluster (node:net:1997:12)
    at node:net:2206:7
    at process.processTicksAndRejections (node:internal/process/task_queues:90:21)
Emitted 'error' event on Server instance at:
    at emitErrorNT (node:net:1976:8)
    at process.processTicksAndRejections (node:internal/process/task_queues:90:21) {
  code: 'EADDRINUSE',
  errno: -4091,
  syscall: 'listen',
  address: '0.0.0.0',
  port: 3000
}

Node.js v24.6.0
node:events:486
      throw er; // Unhandled 'error' event
      ^

Error: listen EADDRINUSE: address already in use 0.0.0.0:3000
    at Server.setupListenHandle [as _listen2] (node:net:1940:16)
    at listenInCluster (node:net:1997:12)
    at node:net:2206:7
    at process.processTicksAndRejections (node:internal/process/task_queues:90:21)
Emitted 'error' event on Server instance at:
    at emitErrorNT (node:net:1976:8)
    at process.processTicksAndRejections (node:internal/process/task_queues:90:21) {
  code: 'EADDRINUSE',
  errno: -4091,
  syscall: 'listen',
  address: '0.0.0.0',
  port: 3000
}

Node.js v24.6.0
